<?xml version="1.0" encoding="UTF-8"?>
<!-- Generated by org.testng.reporters.JUnitReportReporter -->
<testsuite skipped="0" hostname="D08518" name="fenqi.spring.demo.UserServiceTest" tests="1" failures="0" timestamp="06 十二月 2017 10:00:04 GMT" time="0.283" errors="0">
  <testcase name="insert" time="0.283" classname="fenqi.spring.demo.UserServiceTest"/>
</testsuite> <!-- fenqi.spring.demo.UserServiceTest -->
